mode: set
vk/app/errors.go:12.34,14.2 1 0
vk/app/errors.go:16.44,18.2 1 0
vk/config/config.go:27.45,29.16 2 0
vk/config/config.go:29.16,31.3 1 0
vk/config/config.go:33.2,35.16 3 0
vk/config/config.go:35.16,37.3 1 0
vk/config/config.go:39.2,39.21 1 0
vk/cmd/main.go:22.13,25.16 2 0
vk/cmd/main.go:25.16,27.3 1 0
vk/cmd/main.go:29.2,30.16 2 0
vk/cmd/main.go:30.16,32.3 1 0
vk/cmd/main.go:34.2,46.12 7 0
vk/cmd/main.go:46.12,50.3 3 0
vk/cmd/main.go:53.2,53.12 1 0
vk/cmd/main.go:53.12,55.69 1 0
vk/cmd/main.go:55.69,57.4 1 0
vk/cmd/main.go:61.2,71.53 5 0
vk/cmd/main.go:71.53,73.3 1 0
vk/cmd/main.go:75.2,75.41 1 0
vk/logger/logger.go:9.27,16.2 1 0
vk/database/mock/mock.go:27.69,31.2 3 0
vk/database/mock/mock.go:34.67,36.2 1 0
vk/database/mock/mock.go:39.61,44.2 4 0
vk/database/mock/mock.go:47.82,50.2 2 0
vk/database/mock/mock.go:53.110,58.2 4 0
vk/database/mock/mock.go:61.125,64.2 2 0
vk/database/mock/mock.go:67.61,72.2 4 0
vk/database/mock/mock.go:75.82,78.2 2 0
vk/database/mock/mock.go:81.69,86.2 4 0
vk/database/mock/mock.go:89.94,92.2 2 0
vk/database/mock/mock.go:95.76,101.2 5 0
vk/database/mock/mock.go:104.80,107.2 2 0
vk/database/mock/mock.go:110.73,116.2 5 0
vk/database/mock/mock.go:119.79,122.2 2 0
vk/database/mock/mock.go:125.66,130.2 4 0
vk/database/mock/mock.go:133.80,136.2 2 0
vk/database/mock/mock.go:139.90,145.2 5 0
vk/database/mock/mock.go:148.97,151.2 2 0
vk/database/mock/mock.go:154.61,159.2 4 0
vk/database/mock/mock.go:162.81,165.2 2 0
vk/database/mock/mock.go:168.64,173.2 4 0
vk/database/mock/mock.go:176.78,179.2 2 0
vk/database/mock/mock.go:182.77,187.2 4 0
vk/database/mock/mock.go:190.91,193.2 2 0
vk/database/mock/mock.go:196.69,201.2 4 0
vk/database/mock/mock.go:204.83,207.2 2 0
vk/database/mock/mock.go:210.69,216.2 5 0
vk/database/mock/mock.go:219.86,222.2 2 0
vk/model/actor.go:15.47,23.46 3 0
vk/model/actor.go:23.46,25.3 1 0
vk/model/actor.go:27.2,29.12 2 0
vk/model/film.go:23.55,28.16 3 0
vk/model/film.go:28.16,30.3 1 0
vk/model/film.go:32.2,34.12 2 0
vk/model/film.go:37.44,39.2 1 0
vk/model/sessions.go:20.36,22.2 1 0
vk/app/errors.go:12.34,14.2 1 0
vk/app/errors.go:16.44,18.2 1 0
vk/config/config.go:27.45,29.16 2 1
vk/config/config.go:29.16,31.3 1 0
vk/config/config.go:33.2,35.16 3 1
vk/config/config.go:35.16,37.3 1 0
vk/config/config.go:39.2,39.21 1 1
vk/database/actor.go:14.47,17.57 2 1
vk/database/actor.go:17.57,20.3 2 1
vk/database/actor.go:22.2,22.18 1 0
vk/database/actor.go:22.18,25.3 2 0
vk/database/actor.go:27.2,31.16 4 0
vk/database/actor.go:31.16,34.3 2 0
vk/database/actor.go:36.2,39.12 4 0
vk/database/actor.go:42.62,46.20 4 1
vk/database/actor.go:46.20,49.3 2 1
vk/database/actor.go:50.2,50.22 1 1
vk/database/actor.go:50.22,53.3 2 1
vk/database/actor.go:54.2,54.28 1 1
vk/database/actor.go:54.28,57.3 2 1
vk/database/actor.go:58.2,62.16 5 1
vk/database/actor.go:62.16,64.43 2 1
vk/database/actor.go:64.43,66.4 1 0
vk/database/actor.go:67.3,67.18 1 1
vk/database/actor.go:70.2,73.20 4 0
vk/database/actor.go:76.55,84.16 6 0
vk/database/actor.go:84.16,87.3 2 0
vk/database/actor.go:89.2,93.29 4 0
vk/database/actor.go:93.29,97.3 3 0
vk/database/actor.go:99.2,99.35 1 0
vk/database/actor.go:99.35,100.13 1 0
vk/database/actor.go:100.13,102.4 1 0
vk/database/actor.go:102.9,104.4 1 0
vk/database/actor.go:105.3,106.6 2 0
vk/database/actor.go:109.2,109.27 1 0
vk/database/actor.go:109.27,110.13 1 0
vk/database/actor.go:110.13,112.4 1 0
vk/database/actor.go:112.9,114.4 1 0
vk/database/actor.go:115.3,116.6 2 0
vk/database/actor.go:119.2,122.12 3 0
vk/database/actor.go:122.12,125.3 2 0
vk/database/actor.go:127.2,129.16 3 0
vk/database/actor.go:129.16,132.3 2 0
vk/database/actor.go:133.2,136.12 4 0
vk/database/actor.go:139.49,141.56 2 0
vk/database/actor.go:141.56,144.3 2 0
vk/database/actor.go:145.2,145.42 1 0
vk/database/actor.go:145.42,148.3 2 0
vk/database/actor.go:150.2,154.20 4 0
vk/database/actor.go:154.20,158.3 3 0
vk/database/actor.go:159.2,159.22 1 0
vk/database/actor.go:159.22,162.3 2 0
vk/database/actor.go:163.2,163.28 1 0
vk/database/actor.go:163.28,166.3 2 0
vk/database/actor.go:168.2,170.16 3 0
vk/database/actor.go:170.16,173.3 2 0
vk/database/actor.go:174.2,177.12 4 0
vk/database/actor.go:180.79,189.20 5 0
vk/database/actor.go:189.20,193.3 3 0
vk/database/actor.go:195.2,195.22 1 0
vk/database/actor.go:195.22,199.3 3 0
vk/database/actor.go:201.2,201.28 1 0
vk/database/actor.go:201.28,205.3 3 0
vk/database/actor.go:207.2,211.16 4 0
vk/database/actor.go:211.16,214.3 2 0
vk/database/actor.go:215.2,217.18 2 0
vk/database/actor.go:217.18,220.17 3 0
vk/database/actor.go:220.17,223.4 2 0
vk/database/actor.go:224.3,224.33 1 0
vk/database/actor.go:227.2,227.35 1 0
vk/database/actor.go:227.35,230.3 2 0
vk/database/actor.go:232.2,232.22 1 0
vk/database/actor.go:232.22,235.3 2 0
vk/database/actor.go:237.2,240.20 4 0
vk/database/auth.go:11.65,19.71 5 0
vk/database/auth.go:19.71,22.3 2 0
vk/database/auth.go:24.2,24.32 1 0
vk/database/auth.go:24.32,27.3 2 0
vk/database/auth.go:29.2,30.16 2 0
vk/database/auth.go:33.50,36.16 2 0
vk/database/auth.go:36.16,39.3 2 0
vk/database/auth.go:41.2,41.11 1 0
vk/database/auth.go:41.11,44.3 2 0
vk/database/auth.go:46.2,51.16 5 0
vk/database/auth.go:51.16,54.3 2 0
vk/database/auth.go:56.2,57.12 2 0
vk/database/auth.go:60.63,63.16 2 0
vk/database/auth.go:63.16,66.3 2 0
vk/database/auth.go:68.2,68.11 1 0
vk/database/auth.go:68.11,71.3 2 0
vk/database/auth.go:73.2,77.16 4 0
vk/database/auth.go:77.16,80.3 2 0
vk/database/auth.go:82.2,83.23 2 0
vk/database/auth.go:86.53,94.71 5 0
vk/database/auth.go:94.71,97.3 2 0
vk/database/auth.go:98.2,99.16 2 0
vk/database/auth.go:102.51,108.16 5 0
vk/database/auth.go:108.16,111.3 2 0
vk/database/auth.go:112.2,113.23 2 0
vk/database/auth.go:116.54,123.16 4 0
vk/database/auth.go:123.16,125.3 1 0
vk/database/auth.go:126.2,127.12 2 0
vk/database/film.go:16.49,19.16 2 1
vk/database/film.go:19.16,20.43 1 1
vk/database/film.go:20.43,24.4 2 1
vk/database/film.go:27.2,27.25 1 0
vk/database/film.go:27.25,30.17 3 0
vk/database/film.go:30.17,33.4 2 0
vk/database/film.go:34.8,36.3 1 0
vk/database/film.go:38.2,38.40 1 0
vk/database/film.go:38.40,41.17 3 0
vk/database/film.go:41.17,44.4 2 0
vk/database/film.go:46.3,47.17 2 0
vk/database/film.go:47.17,50.4 2 0
vk/database/film.go:53.2,54.23 2 0
vk/database/film.go:57.71,72.115 7 1
vk/database/film.go:72.115,74.43 1 1
vk/database/film.go:74.43,77.4 2 0
vk/database/film.go:79.3,80.18 2 1
vk/database/film.go:83.2,84.16 2 0
vk/database/film.go:84.16,86.3 1 0
vk/database/film.go:88.2,90.35 2 0
vk/database/film.go:90.35,94.3 2 0
vk/database/film.go:96.2,97.24 2 0
vk/database/film.go:100.72,113.16 5 1
vk/database/film.go:113.16,116.3 2 1
vk/database/film.go:117.2,122.18 4 0
vk/database/film.go:122.18,127.17 5 0
vk/database/film.go:127.17,130.4 2 0
vk/database/film.go:132.3,132.17 1 0
vk/database/film.go:132.17,134.4 1 0
vk/database/film.go:136.3,136.25 1 0
vk/database/film.go:136.25,139.4 2 0
vk/database/film.go:142.2,142.35 1 0
vk/database/film.go:142.35,145.3 2 0
vk/database/film.go:147.2,148.19 2 0
vk/database/film.go:228.49,230.16 2 0
vk/database/film.go:230.16,232.42 1 0
vk/database/film.go:232.42,235.4 2 0
vk/database/film.go:237.3,238.13 2 0
vk/database/film.go:241.2,246.21 4 0
vk/database/film.go:246.21,250.3 3 0
vk/database/film.go:252.2,252.21 1 0
vk/database/film.go:252.21,256.3 3 0
vk/database/film.go:258.2,258.25 1 0
vk/database/film.go:258.25,263.3 4 0
vk/database/film.go:265.2,265.20 1 0
vk/database/film.go:265.20,269.3 3 0
vk/database/film.go:271.2,273.16 3 0
vk/database/film.go:273.16,276.3 2 0
vk/database/film.go:278.2,281.12 4 0
vk/database/film.go:284.103,291.21 4 0
vk/database/film.go:291.21,295.3 3 0
vk/database/film.go:297.2,297.21 1 0
vk/database/film.go:297.21,301.3 3 0
vk/database/film.go:303.2,303.25 1 0
vk/database/film.go:303.25,308.3 4 0
vk/database/film.go:310.2,310.20 1 0
vk/database/film.go:310.20,314.3 3 0
vk/database/film.go:316.2,316.26 1 0
vk/database/film.go:316.26,318.37 2 0
vk/database/film.go:318.37,322.4 3 0
vk/database/film.go:324.3,326.33 2 0
vk/database/film.go:329.2,329.16 1 0
vk/database/film.go:329.16,331.3 1 0
vk/database/film.go:331.8,333.12 2 0
vk/database/film.go:333.12,335.4 1 0
vk/database/film.go:335.9,337.4 1 0
vk/database/film.go:340.2,343.36 3 0
vk/database/film.go:343.36,345.3 1 0
vk/database/film.go:347.2,348.16 2 0
vk/database/film.go:348.16,351.3 2 0
vk/database/film.go:352.2,356.18 3 0
vk/database/film.go:356.18,359.130 3 0
vk/database/film.go:359.130,362.4 2 0
vk/database/film.go:363.3,363.17 1 0
vk/database/film.go:363.17,366.4 1 0
vk/database/film.go:367.3,367.45 1 0
vk/database/film.go:370.2,370.26 1 0
vk/database/film.go:370.26,373.3 2 0
vk/database/film.go:375.2,378.24 4 0
vk/database/init.go:8.23,53.16 3 0
vk/database/init.go:53.16,55.3 1 0
vk/database/init.go:57.2,60.16 3 0
vk/database/init.go:60.16,62.3 1 0
vk/database/init.go:64.2,64.18 1 0
vk/database/init.go:64.18,67.17 3 0
vk/database/init.go:67.17,69.4 1 0
vk/database/init.go:72.2,74.16 3 0
vk/database/init.go:74.16,76.3 1 0
vk/database/init.go:78.2,78.11 1 0
vk/database/init.go:78.11,81.17 3 0
vk/database/init.go:81.17,83.4 1 0
vk/database/postgres.go:49.44,58.16 4 1
vk/database/postgres.go:58.16,61.3 2 0
vk/database/postgres.go:63.2,63.41 1 1
vk/database/postgres.go:63.41,66.3 2 0
vk/database/postgres.go:68.2,71.8 1 1
vk/model/actor.go:15.47,23.46 3 0
vk/model/actor.go:23.46,25.3 1 0
vk/model/actor.go:27.2,29.12 2 0
vk/model/film.go:23.55,28.16 3 0
vk/model/film.go:28.16,30.3 1 0
vk/model/film.go:32.2,34.12 2 0
vk/model/film.go:37.44,39.2 1 1
vk/model/sessions.go:20.36,22.2 1 0
vk/model/actor.go:15.47,23.46 3 0
vk/model/actor.go:23.46,25.3 1 0
vk/model/actor.go:27.2,29.12 2 0
vk/model/film.go:23.55,28.16 3 0
vk/model/film.go:28.16,30.3 1 0
vk/model/film.go:32.2,34.12 2 0
vk/model/film.go:37.44,39.2 1 0
vk/model/sessions.go:20.36,22.2 1 0
vk/verify/verify.go:11.27,15.2 3 1
vk/verify/verify.go:17.28,19.2 1 1
vk/verify/verify.go:21.38,25.16 4 0
vk/verify/verify.go:25.16,27.3 1 0
vk/verify/verify.go:28.2,28.16 1 0
vk/verify/verify.go:31.45,32.31 1 0
vk/verify/verify.go:32.31,33.25 1 0
vk/verify/verify.go:33.25,35.4 1 0
vk/verify/verify.go:36.3,36.28 1 0
vk/verify/verify.go:36.28,38.4 1 0
vk/verify/verify.go:39.3,39.44 1 0
vk/verify/verify.go:42.2,42.13 1 0
vk/verify/verify.go:45.42,46.24 1 0
vk/verify/verify.go:46.24,49.3 2 0
vk/verify/verify.go:50.2,50.27 1 0
vk/verify/verify.go:50.27,53.3 2 0
vk/verify/verify.go:54.2,55.13 2 0
vk/verify/verify.go:58.26,60.12 2 0
vk/verify/verify.go:60.12,62.3 1 0
vk/verify/verify.go:63.2,63.13 1 0
vk/verify/verify.go:63.13,65.3 1 0
vk/verify/verify.go:66.2,67.26 2 0
vk/verify/verify.go:70.26,72.2 1 0
vk/verify/verify.go:74.30,76.2 1 0
vk/verify/verify.go:78.36,80.19 1 0
vk/verify/verify.go:80.19,83.3 2 0
vk/verify/verify.go:85.2,85.19 1 0
vk/verify/verify.go:85.19,88.3 2 0
vk/verify/verify.go:90.2,90.19 1 0
vk/verify/verify.go:90.19,93.3 2 0
vk/verify/verify.go:95.2,95.28 1 0
vk/verify/verify.go:95.28,98.3 2 0
vk/verify/verify.go:100.2,100.13 1 0
vk/verify/verify.go:103.30,104.13 1 0
vk/verify/verify.go:104.13,106.3 1 0
vk/verify/verify.go:107.2,108.19 2 0
vk/verify/verify.go:108.19,110.3 1 0
vk/verify/verify.go:111.2,111.17 1 0
vk/verify/verify.go:111.17,113.3 1 0
vk/verify/verify.go:114.2,114.10 1 0
vk/verify/verify.go:117.50,119.20 1 0
vk/verify/verify.go:119.20,122.3 2 0
vk/verify/verify.go:124.2,124.29 1 0
vk/verify/verify.go:124.29,125.28 1 0
vk/verify/verify.go:125.28,129.4 2 0
vk/verify/verify.go:132.2,132.13 1 0
vk/verify/verify.go:135.42,136.30 1 1
vk/verify/verify.go:136.30,138.3 1 0
vk/verify/verify.go:140.2,140.29 1 1
vk/verify/verify.go:140.29,142.3 1 0
vk/verify/verify.go:144.2,145.37 2 1
vk/verify/verify.go:145.37,147.3 1 0
vk/verify/verify.go:149.2,151.39 2 1
vk/app/errors.go:12.34,14.2 1 1
vk/app/errors.go:16.44,18.2 1 0
vk/config/config.go:27.45,29.16 2 1
vk/config/config.go:29.16,31.3 1 0
vk/config/config.go:33.2,35.16 3 1
vk/config/config.go:35.16,37.3 1 0
vk/config/config.go:39.2,39.21 1 1
vk/model/actor.go:15.47,23.46 3 1
vk/model/actor.go:23.46,25.3 1 0
vk/model/actor.go:27.2,29.12 2 1
vk/model/film.go:23.55,28.16 3 0
vk/model/film.go:28.16,30.3 1 0
vk/model/film.go:32.2,34.12 2 0
vk/model/film.go:37.44,39.2 1 0
vk/model/sessions.go:20.36,22.2 1 0
vk/server/actor.go:13.88,16.16 3 0
vk/server/actor.go:16.16,18.3 1 0
vk/server/actor.go:20.2,20.30 1 0
vk/server/actor.go:20.30,22.3 1 0
vk/server/actor.go:24.2,25.16 2 0
vk/server/actor.go:25.16,26.43 1 0
vk/server/actor.go:26.43,28.4 1 0
vk/server/actor.go:28.9,30.4 1 0
vk/server/actor.go:32.2,32.14 1 0
vk/server/actor.go:35.89,38.16 3 1
vk/server/actor.go:38.16,40.3 1 0
vk/server/actor.go:41.2,41.30 1 1
vk/server/actor.go:41.30,43.3 1 1
vk/server/actor.go:45.2,46.16 2 0
vk/server/actor.go:46.16,49.3 2 0
vk/server/actor.go:51.2,51.23 1 0
vk/server/actor.go:54.90,57.16 3 1
vk/server/actor.go:57.16,60.3 2 0
vk/server/actor.go:62.2,62.36 1 1
vk/server/actor.go:62.36,64.3 1 1
vk/server/actor.go:65.2,67.16 3 0
vk/server/actor.go:67.16,69.3 1 0
vk/server/actor.go:70.2,70.29 1 0
vk/server/actor.go:73.91,76.16 3 1
vk/server/actor.go:76.16,78.3 1 0
vk/server/actor.go:79.2,79.30 1 1
vk/server/actor.go:79.30,81.3 1 1
vk/server/actor.go:82.2,83.16 2 1
vk/server/actor.go:83.16,85.3 1 1
vk/server/actor.go:86.2,86.27 1 0
vk/server/actor.go:90.89,93.16 3 0
vk/server/actor.go:93.16,95.3 1 0
vk/server/actor.go:96.2,96.30 1 0
vk/server/actor.go:96.30,98.3 1 0
vk/server/actor.go:100.2,104.70 4 0
vk/server/actor.go:104.70,106.3 1 0
vk/server/actor.go:108.2,109.16 2 0
vk/server/actor.go:109.16,110.43 1 0
vk/server/actor.go:110.43,112.4 1 0
vk/server/actor.go:113.3,113.27 1 0
vk/server/actor.go:115.2,115.15 1 0
vk/server/auth.go:15.79,20.16 3 1
vk/server/auth.go:20.16,22.3 1 0
vk/server/auth.go:23.2,23.25 1 1
vk/server/auth.go:23.25,25.3 1 1
vk/server/auth.go:26.2,26.43 1 1
vk/server/auth.go:26.43,28.3 1 1
vk/server/auth.go:30.2,30.27 1 0
vk/server/auth.go:33.84,38.16 3 0
vk/server/auth.go:38.16,40.3 1 0
vk/server/auth.go:41.2,43.25 2 0
vk/server/auth.go:43.25,45.3 1 0
vk/server/auth.go:47.2,47.43 1 0
vk/server/auth.go:47.43,49.3 1 0
vk/server/auth.go:51.2,53.12 2 0
vk/server/auth.go:56.79,64.16 4 1
vk/server/auth.go:64.16,67.3 2 0
vk/server/auth.go:69.2,69.26 1 1
vk/server/auth.go:69.26,72.3 2 0
vk/server/auth.go:73.2,76.16 3 1
vk/server/auth.go:76.16,77.32 1 1
vk/server/auth.go:77.32,80.4 2 0
vk/server/auth.go:81.3,81.18 1 1
vk/server/auth.go:81.18,84.4 2 1
vk/server/auth.go:86.3,87.27 2 0
vk/server/auth.go:91.2,108.26 6 0
vk/server/auth.go:111.83,116.16 3 0
vk/server/auth.go:116.16,118.3 1 0
vk/server/auth.go:119.2,119.25 1 0
vk/server/auth.go:119.25,121.3 1 0
vk/server/auth.go:122.2,122.47 1 0
vk/server/auth.go:122.47,124.3 1 0
vk/server/auth.go:126.2,126.26 1 0
vk/server/film.go:12.80,15.16 3 0
vk/server/film.go:15.16,18.3 2 0
vk/server/film.go:19.2,19.29 1 0
vk/server/film.go:19.29,21.3 1 0
vk/server/film.go:24.2,25.16 2 0
vk/server/film.go:25.16,28.3 2 0
vk/server/film.go:29.2,30.12 2 0
vk/server/film.go:33.81,36.16 3 0
vk/server/film.go:36.16,39.3 2 0
vk/server/film.go:40.2,40.29 1 0
vk/server/film.go:40.29,42.3 1 0
vk/server/film.go:43.2,44.16 2 0
vk/server/film.go:44.16,47.3 2 0
vk/server/film.go:48.2,49.12 2 0
vk/server/film.go:52.83,55.16 3 0
vk/server/film.go:55.16,58.3 2 0
vk/server/film.go:59.2,59.29 1 0
vk/server/film.go:59.29,61.3 1 0
vk/server/film.go:62.2,63.16 2 0
vk/server/film.go:63.16,66.3 2 0
vk/server/film.go:67.2,68.29 2 0
vk/server/film.go:72.81,76.16 3 0
vk/server/film.go:76.16,79.3 1 0
vk/server/film.go:80.2,80.29 1 0
vk/server/film.go:80.29,83.3 1 0
vk/server/film.go:85.2,89.70 4 0
vk/server/film.go:89.70,91.3 1 0
vk/server/film.go:93.2,95.17 3 0
vk/server/film.go:95.17,96.74 1 0
vk/server/film.go:96.74,98.4 1 0
vk/server/film.go:100.3,101.17 2 0
vk/server/film.go:101.17,103.4 1 0
vk/server/film.go:106.2,107.16 2 0
vk/server/film.go:107.16,110.3 2 0
vk/server/film.go:111.2,112.12 2 0
vk/server/middleware.go:17.53,19.2 1 0
vk/server/middleware.go:21.68,25.16 3 0
vk/server/middleware.go:25.16,29.3 3 0
vk/server/middleware.go:31.2,34.74 4 0
vk/server/middleware.go:41.68,45.16 3 0
vk/server/middleware.go:45.16,47.30 1 0
vk/server/middleware.go:47.30,50.4 2 0
vk/server/middleware.go:51.3,52.32 2 0
vk/server/middleware.go:55.2,58.13 3 0
vk/server/middleware.go:58.13,61.3 2 0
vk/server/middleware.go:63.2,63.29 1 0
vk/server/middleware.go:63.29,66.3 2 0
vk/server/middleware.go:68.2,69.26 2 0
vk/server/middleware.go:72.73,74.16 2 0
vk/server/middleware.go:74.16,78.3 3 0
vk/server/middleware.go:80.2,80.29 1 0
vk/server/middleware.go:80.29,83.3 2 0
vk/server/middleware.go:85.2,85.28 1 0
vk/server/middleware.go:85.28,86.24 1 0
vk/server/middleware.go:86.24,90.4 3 0
vk/server/middleware.go:92.3,92.29 1 0
vk/server/middleware.go:97.60,99.2 1 1
vk/server/middleware.go:105.70,107.2 1 1
vk/server/middleware.go:109.78,111.16 2 0
vk/server/middleware.go:111.16,114.3 2 0
vk/server/middleware.go:116.2,116.29 1 0
vk/server/middleware.go:116.29,119.3 2 0
vk/server/middleware.go:121.2,121.28 1 0
vk/server/server.go:37.67,51.2 5 1
vk/server/server.go:53.33,61.2 3 0
vk/server/server.go:63.57,65.2 1 0
vk/server/server.go:67.51,70.71 2 1
vk/server/server.go:70.71,71.19 1 0
vk/server/server.go:72.24,73.34 1 0
vk/server/server.go:74.11,75.68 1 0
vk/server/server.go:79.2,79.71 1 1
vk/server/server.go:79.71,80.19 1 0
vk/server/server.go:81.24,82.34 1 0
vk/server/server.go:83.11,84.68 1 0
vk/server/server.go:88.2,88.10 1 1
vk/server/server.go:91.56,94.77 2 1
vk/server/server.go:94.77,95.19 1 0
vk/server/server.go:96.24,97.39 1 0
vk/server/server.go:98.11,99.68 1 0
vk/server/server.go:103.2,103.75 1 1
vk/server/server.go:103.75,104.19 1 0
vk/server/server.go:105.26,106.38 1 0
vk/server/server.go:107.11,108.68 1 0
vk/server/server.go:112.2,112.10 1 1
vk/server/server.go:115.50,118.78 2 1
vk/server/server.go:118.78,119.19 1 0
vk/server/server.go:120.23,121.44 1 0
vk/server/server.go:122.11,123.68 1 0
vk/server/server.go:127.2,127.77 1 1
vk/server/server.go:127.77,128.19 1 0
vk/server/server.go:129.23,130.43 1 0
vk/server/server.go:131.24,132.44 1 0
vk/server/server.go:133.25,134.45 1 0
vk/server/server.go:135.26,136.46 1 0
vk/server/server.go:137.11,138.68 1 0
vk/server/server.go:142.2,142.76 1 1
vk/server/server.go:142.76,143.19 1 0
vk/server/server.go:144.23,145.35 1 0
vk/server/server.go:146.24,147.36 1 0
vk/server/server.go:148.26,149.38 1 0
vk/server/server.go:150.11,151.68 1 0
vk/server/server.go:155.2,155.77 1 1
vk/server/server.go:155.77,156.19 1 0
vk/server/server.go:157.23,158.36 1 0
vk/server/server.go:159.11,160.68 1 0
vk/server/server.go:164.2,164.10 1 1
vk/server/sessions.go:7.51,7.76 1 1
vk/server/wrapper.go:14.49,15.54 1 1
vk/server/wrapper.go:15.54,17.17 2 1
vk/server/wrapper.go:17.17,19.4 1 1
vk/server/wrapper.go:24.54,27.23 3 1
vk/server/wrapper.go:29.19,31.31 2 0
vk/server/wrapper.go:33.20,35.31 2 0
vk/server/wrapper.go:37.21,39.31 2 0
vk/server/wrapper.go:41.19,43.31 2 0
vk/server/wrapper.go:45.20,47.31 2 0
vk/server/wrapper.go:49.25,51.31 2 0
vk/server/wrapper.go:53.21,55.31 2 1
vk/server/wrapper.go:57.23,60.31 3 1
vk/server/wrapper.go:62.13,64.51 2 1
vk/server/wrapper.go:66.10,68.45 2 0
